<?xml version="1.0" encoding="UTF-8"?>
<!-- Generated by org.testng.reporters.JUnitXMLReporter -->
<testsuite hostname="DESKTOP-IKR2EK5" ignored="0" name=" groupstest" tests="5" failures="0" timestamp="08 Sep 2020 13:53:34 GMT" time="0.075" errors="0">
  <testcase name="alam" time="0.008" classname="Package_01_First_TestNG.Program_06a_groups_Test"/>
  <testcase name="alam1" time="0.002" classname="Package_01_First_TestNG.Program_06a_groups_Test"/>
  <testcase name="alam2" time="0.001" classname="Package_01_First_TestNG.Program_06a_groups_Test"/>
  <testcase name="dada" time="0.002" classname="Package_01_First_TestNG.Program_06a_groups_Test"/>
  <testcase name="rajib" time="0.002" classname="Package_01_First_TestNG.Program_06a_groups_Test"/>
</testsuite> <!--  groupstest -->
