<?xml version="1.0" encoding="UTF-8"?>
<!-- Generated by org.testng.reporters.JUnitXMLReporter -->
<testsuite hostname="DESKTOP-IKR2EK5" ignored="0" name="Default test" tests="1" failures="1" timestamp="2021-02-11T20:07:53 EST" time="0.107" errors="0">
  <testcase name="varifyHomePagetitleTest" time="0.061" classname="Naveen_Automation_POM_Test_01.Pro_02_Homepage_Test">
    <failure type="java.lang.NoSuchMethodError" message="org.testng.internal.Utils.stackTrace(Ljava/lang/Throwable;Z)[Ljava/lang/String;">
      <![CDATA[java.lang.NoSuchMethodError: org.testng.internal.Utils.stackTrace(Ljava/lang/Throwable;Z)[Ljava/lang/String;
at org.apache.brooklyn.test.support.VerboseReporter.logTestResult(VerboseReporter.java:206)
at org.apache.brooklyn.test.support.VerboseReporter.onConfigurationFailure(VerboseReporter.java:94)
at org.testng.internal.TestListenerHelper.runPostConfigurationListeners(TestListenerHelper.java:47)
at org.testng.internal.ConfigInvoker.runConfigurationListeners(ConfigInvoker.java:402)
at org.testng.internal.ConfigInvoker.handleConfigurationFailure(ConfigInvoker.java:452)
at org.testng.internal.ConfigInvoker.invokeConfigurations(ConfigInvoker.java:326)
at org.testng.internal.TestInvoker.runConfigMethods(TestInvoker.java:701)
at org.testng.internal.TestInvoker.invokeMethod(TestInvoker.java:527)
at org.testng.internal.TestInvoker.invokeTestMethod(TestInvoker.java:174)
at org.testng.internal.MethodRunner.runInSequence(MethodRunner.java:46)
at org.testng.internal.TestInvoker$MethodInvocationAgent.invoke(TestInvoker.java:822)
at org.testng.internal.TestInvoker.invokeTestMethods(TestInvoker.java:147)
at org.testng.internal.TestMethodWorker.invokeTestMethods(TestMethodWorker.java:146)
at org.testng.internal.TestMethodWorker.run(TestMethodWorker.java:128)
at java.util.ArrayList.forEach(Unknown Source)
at org.testng.TestRunner.privateRun(TestRunner.java:764)
at org.testng.TestRunner.run(TestRunner.java:585)
at org.testng.SuiteRunner.runTest(SuiteRunner.java:384)
at org.testng.SuiteRunner.runSequentially(SuiteRunner.java:378)
at org.testng.SuiteRunner.privateRun(SuiteRunner.java:337)
at org.testng.SuiteRunner.run(SuiteRunner.java:286)
at org.testng.SuiteRunnerWorker.runSuite(SuiteRunnerWorker.java:53)
at org.testng.SuiteRunnerWorker.run(SuiteRunnerWorker.java:96)
at org.testng.TestNG.runSuitesSequentially(TestNG.java:1218)
at org.testng.TestNG.runSuitesLocally(TestNG.java:1140)
at org.testng.TestNG.runSuites(TestNG.java:1069)
at org.testng.TestNG.run(TestNG.java:1037)
at org.testng.remote.AbstractRemoteTestNG.run(AbstractRemoteTestNG.java:115)
at org.testng.remote.RemoteTestNG.initAndRun(RemoteTestNG.java:251)
at org.testng.remote.RemoteTestNG.main(RemoteTestNG.java:77)
]]>
    </failure>
  </testcase> <!-- varifyHomePagetitleTest -->
</testsuite> <!-- Default test -->
