<?xml version="1.0" encoding="UTF-8"?>
<!-- Generated by org.testng.reporters.JUnitXMLReporter -->
<testsuite hostname="DESKTOP-IKR2EK5" ignored="0" name="Default test" tests="5" failures="0" timestamp="2021-01-14T11:36:33 EST" time="101.756" errors="0">
  <testcase name="f" time="22.363" classname="TestNG_Data_Providor.Data_ProVider"/>
  <testcase name="f" time="20.572" classname="TestNG_Data_Providor.Data_ProVider"/>
  <testcase name="f" time="21.69" classname="TestNG_Data_Providor.Data_ProVider"/>
  <testcase name="f" time="15.919" classname="TestNG_Data_Providor.Data_ProVider"/>
  <testcase name="f" time="13.275" classname="TestNG_Data_Providor.Data_ProVider"/>
</testsuite> <!-- Default test -->
