<?xml version="1.0" encoding="UTF-8"?>
<!-- Generated by org.testng.reporters.JUnitXMLReporter -->
<testsuite hostname="DESKTOP-IKR2EK5" ignored="3" name=" groupsTest" tests="2" failures="0" timestamp="08 Sep 2020 13:13:41 GMT" time="0.054" errors="0">
  <testcase name="alam" time="0.014" classname="Package_01_First_TestNG.Program_06a_groups_Test"/>
  <testcase name="dada" time="0.003" classname="Package_01_First_TestNG.Program_06a_groups_Test"/>
  <testcase name="rajib" time="0.0" classname="Package_01_First_TestNG.Program_06a_groups_Test">
    <ignored/>
  </testcase> <!-- rajib -->
  <testcase name="alam2" time="0.0" classname="Package_01_First_TestNG.Program_06a_groups_Test">
    <ignored/>
  </testcase> <!-- alam2 -->
  <testcase name="alam1" time="0.0" classname="Package_01_First_TestNG.Program_06a_groups_Test">
    <ignored/>
  </testcase> <!-- alam1 -->
</testsuite> <!--  groupsTest -->
