<?xml version="1.0" encoding="UTF-8"?>
<!-- Generated by org.testng.reporters.JUnitXMLReporter -->
<testsuite hostname="DESKTOP-IKR2EK5" ignored="3" name=" regrassion" tests="2" failures="0" timestamp="02 Oct 2020 15:40:02 GMT" time="0.083" errors="0">
  <testcase name="alam" time="0.025" classname="Package_01_First_TestNG.Program_06a_groups_Test"/>
  <testcase name="dada" time="0.002" classname="Package_01_First_TestNG.Program_06a_groups_Test"/>
  <testcase name="rajib" time="0.0" classname="Package_01_First_TestNG.Program_06a_groups_Test">
    <ignored/>
  </testcase> <!-- rajib -->
  <testcase name="alam2" time="0.0" classname="Package_01_First_TestNG.Program_06a_groups_Test">
    <ignored/>
  </testcase> <!-- alam2 -->
  <testcase name="alam1" time="0.0" classname="Package_01_First_TestNG.Program_06a_groups_Test">
    <ignored/>
  </testcase> <!-- alam1 -->
</testsuite> <!--  regrassion -->
