<?xml version="1.0" encoding="UTF-8"?>
<!-- Generated by org.testng.reporters.JUnitXMLReporter -->
<testsuite hostname="DESKTOP-IKR2EK5" ignored="2" name=" smokeTest" tests="3" failures="0" timestamp="16 Sep 2020 00:44:22 GMT" time="0.046" errors="0">
  <testcase name="alam1" time="0.007" classname="Package_01_First_TestNG.Program_06a_groups_Test"/>
  <testcase name="alam2" time="0.002" classname="Package_01_First_TestNG.Program_06a_groups_Test"/>
  <testcase name="rajib" time="0.002" classname="Package_01_First_TestNG.Program_06a_groups_Test"/>
  <testcase name="dada" time="0.0" classname="Package_01_First_TestNG.Program_06a_groups_Test">
    <ignored/>
  </testcase> <!-- dada -->
  <testcase name="alam" time="0.0" classname="Package_01_First_TestNG.Program_06a_groups_Test">
    <ignored/>
  </testcase> <!-- alam -->
</testsuite> <!--  smokeTest -->
