<?xml version="1.0" encoding="UTF-8"?>
<!-- Generated by org.testng.reporters.JUnitXMLReporter -->
<testsuite hostname="DESKTOP-IKR2EK5" ignored="2" name="regration" tests="24" failures="0" timestamp="12 Oct 2020 20:36:19 GMT" time="0.147" errors="0">
  <testcase name="login1" time="0.006" classname="Package_01_First_TestNG.alam2"/>
  <testcase name="login1" time="0.002" classname="Package_01_First_TestNG.alam2"/>
  <testcase name="login1" time="0.001" classname="Package_01_First_TestNG.alam2"/>
  <testcase name="login1" time="0.001" classname="Package_01_First_TestNG.alam2"/>
  <testcase name="login1" time="0.002" classname="Package_01_First_TestNG.alam2"/>
  <testcase name="login1" time="0.002" classname="Package_01_First_TestNG.alam2"/>
  <testcase name="login1" time="0.002" classname="Package_01_First_TestNG.alam2"/>
  <testcase name="login1" time="0.001" classname="Package_01_First_TestNG.alam2"/>
  <testcase name="login1" time="0.003" classname="Package_01_First_TestNG.alam2"/>
  <testcase name="login1" time="0.002" classname="Package_01_First_TestNG.alam2"/>
  <testcase name="login2" time="0.001" classname="Package_01_First_TestNG.alam2"/>
  <testcase name="logino" time="0.001" classname="Package_01_First_TestNG.alam2"/>
  <testcase name="Loginfb1" time="0.001" classname="Package_01_First_TestNG.alam"/>
  <testcase name="Loginfb1" time="0.001" classname="Package_01_First_TestNG.alam"/>
  <testcase name="Loginfb1" time="0.001" classname="Package_01_First_TestNG.alam"/>
  <testcase name="Loginfb1" time="0.001" classname="Package_01_First_TestNG.alam"/>
  <testcase name="Loginfb1" time="0.001" classname="Package_01_First_TestNG.alam"/>
  <testcase name="Loginfb1" time="0.001" classname="Package_01_First_TestNG.alam"/>
  <testcase name="Loginfb1" time="0.002" classname="Package_01_First_TestNG.alam"/>
  <testcase name="Loginfb1" time="0.002" classname="Package_01_First_TestNG.alam"/>
  <testcase name="Loginfb1" time="0.001" classname="Package_01_First_TestNG.alam"/>
  <testcase name="Loginfb1" time="0.003" classname="Package_01_First_TestNG.alam"/>
  <testcase name="Loginfb2" time="0.002" classname="Package_01_First_TestNG.alam"/>
  <testcase name="logino3" time="0.001" classname="Package_01_First_TestNG.alam2"/>
  <testcase name="login" time="0.0" classname="Package_01_First_TestNG.alam2">
    <ignored/>
  </testcase> <!-- login -->
  <testcase name="Loginfb" time="0.0" classname="Package_01_First_TestNG.alam">
    <ignored/>
  </testcase> <!-- Loginfb -->
</testsuite> <!-- regration -->
