<?xml version="1.0" encoding="UTF-8"?>
<!-- Generated by org.testng.reporters.JUnitXMLReporter -->
<testsuite hostname="DESKTOP-IKR2EK5" ignored="0" name="RegressionTest" tests="8" failures="0" timestamp="02 Oct 2020 15:49:07 GMT" time="0.086" errors="0">
  <testcase name="alam" time="0.007" classname="Package_01_First_TestNG.Program_06a_groups_Test"/>
  <testcase name="alam1" time="0.001" classname="Package_01_First_TestNG.Program_06a_groups_Test"/>
  <testcase name="alam2" time="0.001" classname="Package_01_First_TestNG.Program_06a_groups_Test"/>
  <testcase name="dada" time="0.002" classname="Package_01_First_TestNG.Program_06a_groups_Test"/>
  <testcase name="rajib" time="0.001" classname="Package_01_First_TestNG.Program_06a_groups_Test"/>
  <testcase name="email1" time="0.002" classname="Package_01_First_TestNG.Program_02_before_method_annotation"/>
  <testcase name="email2" time="0.001" classname="Package_01_First_TestNG.Program_02_before_method_annotation"/>
  <testcase name="method1" time="0.001" classname="Package_01_First_TestNG.Program_02_before_method_annotation"/>
</testsuite> <!-- RegressionTest -->
