<?xml version="1.0" encoding="UTF-8"?>
<!-- Generated by org.testng.reporters.JUnitXMLReporter -->
<testsuite hostname="DESKTOP-IKR2EK5" ignored="0" name="regressionTest" tests="5" failures="0" timestamp="16 Oct 2020 02:29:50 GMT" time="0.082" errors="0">
  <testcase name="alam" time="0.009" classname="Package_01_First_TestNG.Program_06a_groups_Test"/>
  <testcase name="alam1" time="0.002" classname="Package_01_First_TestNG.Program_06a_groups_Test"/>
  <testcase name="alam2" time="0.002" classname="Package_01_First_TestNG.Program_06a_groups_Test"/>
  <testcase name="dada" time="0.002" classname="Package_01_First_TestNG.Program_06a_groups_Test"/>
  <testcase name="rajib" time="0.002" classname="Package_01_First_TestNG.Program_06a_groups_Test"/>
</testsuite> <!-- regressionTest -->
