<?xml version="1.0" encoding="UTF-8"?>
<testng-results skipped="0" failed="0" ignored="0" total="5" passed="5">
  <reporter-output>
  </reporter-output>
  <suite name="Default suite" duration-ms="101756" started-at="2021-01-14T11:34:52 EST" finished-at="2021-01-14T11:36:33 EST">
    <groups>
    </groups>
    <test name="Default test" duration-ms="101756" started-at="2021-01-14T11:34:52 EST" finished-at="2021-01-14T11:36:33 EST">
      <class name="TestNG_Data_Providor.Data_ProVider">
        <test-method status="PASS" signature="OpenApplication()[pri:0, instance:TestNG_Data_Providor.Data_ProVider@4973813a]" name="OpenApplication" is-config="true" duration-ms="7887" started-at="2021-01-14T11:34:52 EST" finished-at="2021-01-14T11:34:59 EST">
          <reporter-output>
          </reporter-output>
        </test-method> <!-- OpenApplication -->
        <test-method status="PASS" signature="f(java.lang.String, java.lang.String)[pri:0, instance:TestNG_Data_Providor.Data_ProVider@4973813a]" name="f" duration-ms="22363" started-at="2021-01-14T11:34:59 EST" data-provider="dp" finished-at="2021-01-14T11:35:22 EST">
          <params>
            <param index="0">
              <value>
                <![CDATA[alam@gamil.com]]>
              </value>
            </param>
            <param index="1">
              <value>
                <![CDATA[12345]]>
              </value>
            </param>
          </params>
          <reporter-output>
          </reporter-output>
        </test-method> <!-- f -->
        <test-method status="PASS" signature="f(java.lang.String, java.lang.String)[pri:0, instance:TestNG_Data_Providor.Data_ProVider@4973813a]" name="f" duration-ms="20572" started-at="2021-01-14T11:35:22 EST" data-provider="dp" finished-at="2021-01-14T11:35:42 EST">
          <params>
            <param index="0">
              <value>
                <![CDATA[rajib@gamil.com]]>
              </value>
            </param>
            <param index="1">
              <value>
                <![CDATA[12345]]>
              </value>
            </param>
          </params>
          <reporter-output>
          </reporter-output>
        </test-method> <!-- f -->
        <test-method status="PASS" signature="f(java.lang.String, java.lang.String)[pri:0, instance:TestNG_Data_Providor.Data_ProVider@4973813a]" name="f" duration-ms="21690" started-at="2021-01-14T11:35:42 EST" data-provider="dp" finished-at="2021-01-14T11:36:04 EST">
          <params>
            <param index="0">
              <value>
                <![CDATA[dada@gamil.com]]>
              </value>
            </param>
            <param index="1">
              <value>
                <![CDATA[12345]]>
              </value>
            </param>
          </params>
          <reporter-output>
          </reporter-output>
        </test-method> <!-- f -->
        <test-method status="PASS" signature="f(java.lang.String, java.lang.String)[pri:0, instance:TestNG_Data_Providor.Data_ProVider@4973813a]" name="f" duration-ms="15919" started-at="2021-01-14T11:36:04 EST" data-provider="dp" finished-at="2021-01-14T11:36:20 EST">
          <params>
            <param index="0">
              <value>
                <![CDATA[alam11@gamil.com]]>
              </value>
            </param>
            <param index="1">
              <value>
                <![CDATA[12345]]>
              </value>
            </param>
          </params>
          <reporter-output>
          </reporter-output>
        </test-method> <!-- f -->
        <test-method status="PASS" signature="f(java.lang.String, java.lang.String)[pri:0, instance:TestNG_Data_Providor.Data_ProVider@4973813a]" name="f" duration-ms="13275" started-at="2021-01-14T11:36:20 EST" data-provider="dp" finished-at="2021-01-14T11:36:33 EST">
          <params>
            <param index="0">
              <value>
                <![CDATA[tawhid@gamil.com]]>
              </value>
            </param>
            <param index="1">
              <value>
                <![CDATA[12345]]>
              </value>
            </param>
          </params>
          <reporter-output>
          </reporter-output>
        </test-method> <!-- f -->
        <test-method status="PASS" signature="closingApplication()[pri:0, instance:TestNG_Data_Providor.Data_ProVider@4973813a]" name="closingApplication" is-config="true" duration-ms="0" started-at="2021-01-14T11:36:33 EST" finished-at="2021-01-14T11:36:33 EST">
          <reporter-output>
          </reporter-output>
        </test-method> <!-- closingApplication -->
      </class> <!-- TestNG_Data_Providor.Data_ProVider -->
    </test> <!-- Default test -->
  </suite> <!-- Default suite -->
</testng-results>
