<?xml version="1.0" encoding="UTF-8"?>
<!-- Generated by org.testng.reporters.JUnitXMLReporter -->
<testsuite hostname="DESKTOP-IKR2EK5" ignored="1" name="Regration" tests="17" failures="0" timestamp="28 Sep 2020 04:01:35 GMT" time="0.124" errors="0">
  <testcase name="fb_login1" time="0.007" classname="Package_01_First_TestNG.alam1"/>
  <testcase name="fb_login1" time="0.001" classname="Package_01_First_TestNG.alam1"/>
  <testcase name="fb_login1" time="0.001" classname="Package_01_First_TestNG.alam1"/>
  <testcase name="fb_login1" time="0.002" classname="Package_01_First_TestNG.alam1"/>
  <testcase name="fb_login1" time="0.001" classname="Package_01_First_TestNG.alam1"/>
  <testcase name="fb_login1" time="0.003" classname="Package_01_First_TestNG.alam1"/>
  <testcase name="fb_login1" time="0.002" classname="Package_01_First_TestNG.alam1"/>
  <testcase name="fb_login1" time="0.001" classname="Package_01_First_TestNG.alam1"/>
  <testcase name="fb_login1" time="0.001" classname="Package_01_First_TestNG.alam1"/>
  <testcase name="fb_login1" time="0.002" classname="Package_01_First_TestNG.alam1"/>
  <testcase name="fb_login2" time="0.001" classname="Package_01_First_TestNG.alam1"/>
  <testcase name="fb_login3" time="0.001" classname="Package_01_First_TestNG.alam1"/>
  <testcase name="alam" time="0.002" classname="Package_01_First_TestNG.Program_06a_groups_Test"/>
  <testcase name="alam1" time="0.001" classname="Package_01_First_TestNG.Program_06a_groups_Test"/>
  <testcase name="alam2" time="0.002" classname="Package_01_First_TestNG.Program_06a_groups_Test"/>
  <testcase name="dada" time="0.002" classname="Package_01_First_TestNG.Program_06a_groups_Test"/>
  <testcase name="rajib" time="0.001" classname="Package_01_First_TestNG.Program_06a_groups_Test"/>
  <testcase name="fb_login" time="0.0" classname="Package_01_First_TestNG.alam1">
    <ignored/>
  </testcase> <!-- fb_login -->
</testsuite> <!-- Regration -->
